2020-08-18 16:47:41,725 - Starting up
2020-08-18 17:16:41,066 - Starting up
2020-08-18 17:17:09,636 - Starting up
2020-08-18 17:17:28,059 - Starting up
2020-08-18 17:19:59,140 - Starting up
2020-08-18 17:22:09,135 - Starting up
2020-08-18 17:22:39,904 - Starting up
2020-08-18 17:28:29,375 - Starting up
2020-08-18 17:29:08,272 - Starting up
2020-08-19 04:41:24,998 - Starting up
2020-08-19 04:42:36,156 - Starting up
2020-08-19 04:43:32,716 - Starting up
2020-08-19 04:45:12,662 - Starting up
2020-08-19 04:45:29,189 - Starting up
2020-08-19 04:46:15,126 - Starting up
2020-08-19 04:46:30,845 - Starting up
2020-08-19 04:48:19,551 - Starting up
2020-08-19 04:49:31,720 - Starting up
2020-08-19 04:49:41,891 - Starting up
2020-08-19 04:49:48,113 - Starting up
2020-08-19 04:50:31,624 - Starting up
2020-08-19 04:53:56,694 - Starting up
2020-08-19 04:54:10,827 - Starting up
2020-08-19 04:56:29,464 - Starting up
2020-08-19 04:57:46,568 - Starting up
2020-08-19 04:59:10,844 - Starting up
2020-08-19 04:59:24,831 - Starting up
2020-08-19 05:00:53,288 - Starting up
2020-08-19 05:01:32,457 - Starting up
2020-08-19 05:01:48,107 - Starting up
2020-08-19 05:02:23,271 - Starting up
2020-08-19 05:04:25,791 - Starting up
2020-08-19 05:07:07,465 - Starting up
2020-08-19 05:08:01,919 - Starting up
2020-08-19 05:08:16,573 - Starting up
2020-08-19 05:09:41,260 - Starting up
2020-08-19 05:10:02,324 - Starting up
2020-08-19 05:14:55,934 - Starting up
2020-08-19 05:17:39,084 - Starting up
2020-08-19 05:17:47,209 - Starting up
2020-08-19 05:18:04,828 - Starting up
2020-08-19 05:18:17,588 - Starting up
2020-08-19 05:18:27,948 - Starting up
2020-08-19 05:18:41,400 - Starting up
2020-08-19 05:21:16,501 - Starting up
2020-08-19 05:21:42,597 - Starting up
2020-08-19 05:21:46,336 - Starting up
2020-08-19 05:22:25,259 - Starting up
2020-08-19 05:26:26,689 - Starting up
2020-08-19 05:26:52,441 - Starting up
2020-08-19 05:27:04,211 - Starting up
2020-08-19 05:28:46,434 - Starting up
2020-08-19 05:29:09,063 - Starting up
2020-08-19 05:29:16,011 - Starting up
2020-08-19 05:29:43,113 - Starting up
2020-08-19 05:31:43,749 - Starting up
2020-08-19 05:32:52,905 - Starting up
2020-08-19 05:33:30,753 - Starting up
2020-08-19 05:34:04,891 - Starting up
2020-08-19 05:35:06,760 - Starting up
2020-08-19 05:35:17,643 - Starting up
2020-08-19 05:35:43,903 - Starting up
2020-08-19 05:37:24,487 - Starting up
2020-08-19 05:40:41,230 - Starting up
2020-08-19 05:40:58,467 - Starting up
2020-08-19 05:41:09,456 - Starting up
2020-08-19 05:41:22,032 - Starting up
2020-08-19 05:41:28,908 - Starting up
2020-08-19 05:42:14,336 - Starting up
2020-08-19 05:48:51,101 - Starting up
2020-08-19 05:50:50,689 - Starting up
2020-08-19 06:06:31,912 - Starting up
2020-08-19 06:08:35,600 - Starting up
2020-08-19 06:09:55,231 - Starting up
2020-08-19 06:10:16,207 - Starting up
2020-08-19 06:12:26,017 - Starting up
2020-08-19 06:12:47,477 - Starting up
2020-08-19 06:18:33,901 - Starting up
2020-08-19 06:18:52,391 - Starting up
2020-08-19 06:19:55,727 - Starting up
2020-08-19 06:22:31,619 - Starting up
2020-08-19 06:24:05,403 - Starting up
2020-08-19 06:24:24,610 - Starting up
2020-08-19 06:28:12,376 - Starting up
2020-08-19 06:28:23,763 - Starting up
2020-08-19 06:28:42,396 - Starting up
2020-08-20 06:20:43,494 - Starting up
2020-08-20 06:21:01,608 - Starting up
2020-08-20 06:21:17,779 - Starting up
2020-08-20 06:21:38,128 - Starting up
2020-08-20 06:22:06,684 - Starting up
2020-08-20 06:22:58,859 - Starting up
2020-08-20 06:23:59,667 - Starting up
2020-08-20 06:25:31,636 - Starting up
2020-08-20 06:27:03,533 - Starting up
2020-08-20 06:29:13,169 - Starting up
2020-08-20 06:30:16,245 - Starting up
2020-08-20 06:30:35,575 - Starting up
2020-08-20 06:31:28,345 - Starting up
2020-08-20 06:32:18,412 - Starting up
2020-08-20 06:32:54,617 - Starting up
2020-08-20 06:33:43,769 - Starting up
2020-08-20 06:34:17,324 - Starting up
2020-08-20 06:35:15,096 - Starting up
2020-08-20 06:35:19,546 - Starting up
2020-08-20 08:14:25,837 - Starting up
2020-08-20 08:19:33,027 - Starting up
2020-08-20 13:04:58,891 - Starting up
2020-08-20 14:45:44,043 - Starting up
2020-08-20 14:45:49,904 - Starting up
2020-08-20 14:47:30,024 - Starting up
2020-08-20 14:48:02,112 - Starting up
2020-08-20 14:48:08,558 - Starting up
2020-08-20 14:48:29,985 - Starting up
2020-08-20 14:49:09,696 - Starting up
2020-08-20 15:04:25,226 - Starting up
2020-08-20 15:06:55,521 - Starting up
2020-08-20 15:07:16,246 - Starting up
2020-08-20 15:07:39,809 - Starting up
2020-08-20 15:08:27,434 - Starting up
2020-08-20 15:09:10,116 - Starting up
2020-08-20 15:23:36,993 - Starting up
2020-08-20 15:28:41,582 - Starting up
2020-08-20 15:31:05,077 - Starting up
2020-08-20 15:32:17,389 - Starting up
2020-08-20 15:34:46,858 - Starting up
2020-08-20 15:38:34,928 - Starting up
2020-08-20 15:52:37,853 - Starting up
2020-08-20 15:53:54,571 - Starting up
2020-08-20 15:54:39,892 - Starting up
2020-08-20 15:55:03,792 - Starting up
2020-08-20 15:55:43,360 - Starting up
2020-08-20 15:57:07,758 - Starting up
2020-08-20 15:59:59,729 - Starting up
2020-08-20 16:47:30,174 - Starting up
2020-08-20 16:50:54,411 - Starting up
2020-08-20 16:53:36,766 - Starting up
2020-08-20 16:53:59,259 - Starting up
2020-08-20 17:02:30,481 - Starting up
2020-08-20 17:03:36,002 - Starting up
2020-08-20 17:04:11,307 - Starting up
2020-08-20 17:04:49,056 - Starting up
2020-08-20 17:06:14,544 - Starting up
2020-08-20 17:07:37,068 - Starting up
2020-08-20 17:12:03,886 - Starting up
2020-08-20 17:32:45,667 - Starting up
2020-08-21 08:23:10,888 - Starting up
2020-08-21 10:30:48,113 - Starting up
2020-08-25 08:26:20,833 - Starting up
2020-08-25 08:26:50,952 - Starting up
2020-08-25 08:42:43,135 - Starting up
2020-08-25 08:43:34,698 - Starting up
2020-08-25 08:45:20,072 - Starting up
2020-08-25 08:45:25,981 - Starting up
2020-08-25 08:47:53,570 - Starting up
2020-08-25 08:50:23,971 - Starting up
2020-08-25 08:51:25,541 - Starting up
2020-08-25 08:51:29,416 - Starting up
2020-08-25 08:52:47,820 - Starting up
2020-08-25 08:55:32,978 - Starting up
2020-08-25 09:00:08,774 - Starting up
2020-08-25 09:07:37,414 - Starting up
2020-08-25 09:09:37,651 - Starting up
2020-08-25 11:40:01,315 - Starting up
2020-08-25 11:41:15,350 - Starting up
2020-08-25 11:41:29,160 - Starting up
2020-08-25 11:43:07,261 - Starting up
2020-08-25 11:45:26,030 - Starting up
2020-08-25 15:01:02,004 - Starting up
2020-08-25 15:01:11,761 - Starting up
2020-08-25 18:59:47,544 - Starting up
2020-08-25 19:27:49,931 - Starting up
2020-08-26 07:19:25,481 - Starting up
2020-08-26 07:34:01,123 - Starting up
2020-08-26 07:35:21,220 - Starting up
2020-08-26 08:25:30,405 - Starting up
2020-08-26 19:49:43,497 - Starting up
2020-08-26 19:51:35,736 - Starting up
2020-08-26 19:53:08,241 - Starting up
2020-08-27 08:22:45,551 - Starting up
2020-08-30 18:42:45,036 - Starting up
2020-08-30 18:44:48,161 - Starting up
2020-08-30 18:55:12,978 - Starting up
2020-08-30 18:55:27,744 - Starting up
2020-08-30 18:57:30,178 - Starting up
2020-08-30 18:58:40,145 - Starting up
2020-08-30 18:58:53,978 - Starting up
2020-08-30 18:59:56,829 - Starting up
2020-08-30 19:00:22,695 - Starting up
2020-08-30 19:01:28,762 - Starting up
2020-08-30 19:02:29,995 - Starting up
2020-08-30 19:02:47,645 - Selling IOTAUSD
2020-08-30 19:08:35,562 - Starting up
2020-08-30 19:09:52,178 - Starting up
2020-08-30 19:43:14,526 - Starting up
2020-08-30 19:43:36,952 - Buying NEOUSD
2020-08-30 19:43:41,348 - Buying OMGUSD
2020-08-30 19:45:25,512 - Starting up
2020-08-30 19:45:46,964 - Buying NEOUSD
2020-08-30 19:45:51,186 - Buying OMGUSD
2020-08-30 19:47:20,203 - Starting up
2020-08-30 19:47:56,132 - Buying NEOUSD
2020-08-30 19:48:53,931 - Starting up
2020-08-30 19:49:17,423 - Starting up
2020-08-30 19:49:39,108 - Buying NEOUSD
2020-08-30 19:51:07,364 - Starting up
2020-08-30 19:52:02,838 - Starting up
2020-08-30 19:53:32,135 - Starting up
2020-09-02 12:34:32,428 - Starting up
2020-09-02 12:34:42,828 - Selling EOSUSD
2020-09-02 14:52:24,533 - Starting up
2020-09-02 14:52:34,525 - Selling EOSUSD
2020-09-02 14:52:43,852 - Selling LTCUSD
2020-09-02 14:52:51,212 - Selling QTUMUSD
2020-09-02 15:01:24,747 - Starting up
2020-09-03 01:22:58,918 - Selling OMGUSD
2020-09-03 08:35:20,242 - Starting up
2020-09-04 06:50:10,128 - Starting up
2020-09-04 11:39:12,483 - Starting up
2020-09-04 12:05:38,858 - Starting up
2020-09-04 13:47:55,429 - Starting up
2020-09-06 18:03:41,432 - Selling NEOUSD
2020-09-08 08:22:18,568 - Starting up
2020-09-08 11:26:59,827 - Starting up
2020-09-08 14:53:26,698 - Starting up
2020-09-08 18:46:45,506 - Starting up
2020-09-08 18:47:05,039 - Starting up
2020-09-08 18:47:10,740 - Starting up
2020-09-08 18:47:52,373 - Starting up
2020-09-08 19:32:58,214 - Starting up
2020-09-08 19:33:47,861 - Starting up
2020-09-08 19:34:32,533 - Starting up
2020-09-08 19:35:22,281 - Starting up
2020-09-08 19:35:33,590 - Starting up
2020-09-08 19:35:39,538 - Starting up
2020-09-08 19:35:48,080 - Starting up
2020-09-09 12:18:55,559 - Starting up
2020-09-11 12:20:01,844 - Starting up
2020-09-11 12:22:16,184 - Starting up
2020-09-11 12:22:30,525 - Starting up
2020-09-11 12:36:21,148 - Starting up
2020-09-11 12:37:57,113 - Starting up
2020-09-11 12:39:06,068 - Starting up
2020-09-11 12:39:53,102 - Starting up
2020-09-11 12:41:46,236 - Starting up
